
2022-07-27 10:54:56.086 --- Search application started
2022-07-27 10:55:23.846 --- Search application started
2022-07-27 11:05:48.29 --- Search application started
2022-07-27 11:09:11.637 --- Search application started
2022-07-27 11:09:11.651 --- C:\Users\isaac\Desktop\GitLab\isaac-lopez-student-code\module-1\18_Review_Day\exercise\data\file1.txt
C:\Users\isaac\Desktop\GitLab\isaac-lopez-student-code\module-1\18_Review_Day\exercise\data\file2.doc
C:\Users\isaac\Desktop\GitLab\isaac-lopez-student-code\module-1\18_Review_Day\exercise\data\file3.dat
C:\Users\isaac\Desktop\GitLab\isaac-lopez-student-code\module-1\18_Review_Day\exercise\data\file4.txt
C:\Users\isaac\Desktop\GitLab\isaac-lopez-student-code\module-1\18_Review_Day\exercise\data\file5.doc
C:\Users\isaac\Desktop\GitLab\isaac-lopez-student-code\module-1\18_Review_Day\exercise\data\file6.dat

2022-07-27 11:43:04.805 --- Search application started
2022-07-27 11:43:04.817 --- C:\Users\isaac\Desktop\GitLab\isaac-lopez-student-code\module-1\18_Review_Day\exercise\data\file1.txt
C:\Users\isaac\Desktop\GitLab\isaac-lopez-student-code\module-1\18_Review_Day\exercise\data\file2.doc
C:\Users\isaac\Desktop\GitLab\isaac-lopez-student-code\module-1\18_Review_Day\exercise\data\file3.dat
C:\Users\isaac\Desktop\GitLab\isaac-lopez-student-code\module-1\18_Review_Day\exercise\data\file4.txt
C:\Users\isaac\Desktop\GitLab\isaac-lopez-student-code\module-1\18_Review_Day\exercise\data\file5.doc
C:\Users\isaac\Desktop\GitLab\isaac-lopez-student-code\module-1\18_Review_Day\exercise\data\file6.dat

2022-07-27 12:05:00.038 --- Search application started
2022-07-27 12:05:00.059 --- C:\Users\isaac\Desktop\GitLab\isaac-lopez-student-code\module-1\18_Review_Day\exercise\data\file1.txt
C:\Users\isaac\Desktop\GitLab\isaac-lopez-student-code\module-1\18_Review_Day\exercise\data\file2.doc
C:\Users\isaac\Desktop\GitLab\isaac-lopez-student-code\module-1\18_Review_Day\exercise\data\file3.dat
C:\Users\isaac\Desktop\GitLab\isaac-lopez-student-code\module-1\18_Review_Day\exercise\data\file4.txt
C:\Users\isaac\Desktop\GitLab\isaac-lopez-student-code\module-1\18_Review_Day\exercise\data\file5.doc
C:\Users\isaac\Desktop\GitLab\isaac-lopez-student-code\module-1\18_Review_Day\exercise\data\file6.dat
